<?xml version="1.0" encoding="UTF-8"?>
<!-- Generated by org.testng.reporters.JUnitReportReporter -->
<testsuite hostname="yuvaraj" failures="0" tests="1" name="ma.Summa" time="0.016" errors="0" timestamp="2023-10-27T21:59:35 IST" skipped="0">
  <testcase classname="ma.Summa" name="summ" time="0.016"/>
</testsuite> <!-- ma.Summa -->
