<?xml version="1.0" encoding="UTF-8"?>
<!-- Generated by org.testng.reporters.JUnitReportReporter -->
<testsuite hostname="yuvaraj" failures="0" tests="1" name="maven.gk" time="4.068" errors="0" timestamp="2023-10-26T11:31:40 IST" skipped="0">
  <testcase classname="maven.gk" name="kl" time="4.068"/>
</testsuite> <!-- maven.gk -->
